<?xml version="1.0" encoding="UTF-8"?>
<!-- Generated by org.testng.reporters.JUnitReportReporter -->
<testsuite hostname="TYSS-Sabbella-Wenkaat" failures="0" tests="1" name="com.demowebshop.testscript.AddToCartTest" time="38.695" errors="0" timestamp="2024-02-20T12:54:23 IST" skipped="0">
  <testcase classname="com.demowebshop.testscript.AddToCartTest" name="TC_AddToCart_001" time="38.695"/>
  <system-out/>
</testsuite> <!-- com.demowebshop.testscript.AddToCartTest -->
