<?xml version="1.0" encoding="UTF-8"?>
<!-- Generated by org.testng.reporters.JUnitReportReporter -->
<testsuite hostname="TYSS-Sabbella-Wenkaat" failures="0" tests="1" name="com.demowebshop.testscript.LoginTest" time="17.855" errors="0" timestamp="2024-02-19T19:02:38 IST" skipped="0">
  <testcase classname="com.demowebshop.testscript.LoginTest" name="TC_Login_00" time="17.855"/>
  <system-out/>
</testsuite> <!-- com.demowebshop.testscript.LoginTest -->
