<?xml version="1.0" encoding="UTF-8"?>
<!-- Generated by org.testng.reporters.JUnitReportReporter -->
<testsuite hostname="TYSS-Sabbella-Wenkaat" failures="0" tests="1" name="com.demowebshop.testscript.RegisterTest" time="15.003" errors="0" timestamp="2024-02-20T09:15:30 IST" skipped="0">
  <testcase classname="com.demowebshop.testscript.RegisterTest" name="TC_Register_001" time="15.003"/>
  <system-out/>
</testsuite> <!-- com.demowebshop.testscript.RegisterTest -->
